<?xml version="1.0" encoding="utf-8"?>
<assemblies>
  <assembly name="C:\Dev\Test\Test.Framework\Cin7Test\bin\Debug\Cin7Test.DLL" environment="64-bit .NET 4.0.30319.42000 [collection-per-class, parallel (1 threads)]" test-framework="xUnit.net 2.1.0.3179" run-date="2016-09-12" run-time="12:19:03" config-file="C:\Dev\Test\Test.Framework\Cin7Test\bin\Debug\Cin7Test.dll.config" total="4" passed="2" failed="2" skipped="0" time="58.503" errors="0">
    <errors />
    <collection total="4" passed="2" failed="2" skipped="0" name="Test collection for Cin7Test.Features.CreateSalesTestFeature" time="55.146">
      <test name="Create a Blue Pants sale" type="Cin7Test.Features.CreateSalesTestFeature" method="CreateABluePantsSale" time="14.6153749" result="Fail">
        <traits>
          <trait name="FeatureTitle" value="CreateSalesTest" />
          <trait name="Description" value="Create a Blue Pants sale" />
          <trait name="Category" value="runThis" />
        </traits>
        <failure exception-type="Xunit.Sdk.TrueException">
          <message><![CDATA[Discount Price or Total Price was incorrect!\r\nExpected: True\r\nActual:   False]]></message>
          <stack-trace><![CDATA[   at Cin7Test.StepDefinitions.CreateSalesTestSteps.ThenICanSeeTheBlue_PantsSalesRecordsOnTheSalesPage() in c:\Dev\Test\Test.Framework\Cin7Test\StepDefinitions\CreateSalesTestSteps.cs:line 47
   at TechTalk.SpecFlow.Bindings.BindingInvoker.InvokeBinding(IBinding binding, IContextManager contextManager, Object[] arguments, ITestTracer testTracer, TimeSpan& duration)
   at TechTalk.SpecFlow.Infrastructure.TestExecutionEngine.ExecuteStepMatch(BindingMatch match, Object[] arguments)
   at TechTalk.SpecFlow.Infrastructure.TestExecutionEngine.ExecuteStep(StepInstance stepInstance)
   at TechTalk.SpecFlow.Infrastructure.TestExecutionEngine.OnAfterLastStep()
   at Cin7Test.Features.CreateSalesTestFeature.ScenarioCleanup() in c:\Dev\Test\Test.Framework\Cin7Test\Features\CreateSalesTest.feature.cs:line 0
   at Cin7Test.Features.CreateSalesTestFeature.CreateABluePantsSale() in c:\Dev\Test\Test.Framework\Cin7Test\Features\CreateSalesTest.feature:line 11]]></stack-trace>
        </failure>
      </test>
      <test name="Create a Grey Pants sale" type="Cin7Test.Features.CreateSalesTestFeature" method="CreateAGreyPantsSale" time="13.4617387" result="Pass">
        <traits>
          <trait name="Description" value="Create a Grey Pants sale" />
          <trait name="FeatureTitle" value="CreateSalesTest" />
          <trait name="Category" value="runThis" />
        </traits>
      </test>
      <test name="Create a Red Pants sale" type="Cin7Test.Features.CreateSalesTestFeature" method="CreateARedPantsSale" time="13.553771" result="Fail">
        <traits>
          <trait name="FeatureTitle" value="CreateSalesTest" />
          <trait name="Description" value="Create a Red Pants sale" />
          <trait name="Category" value="runThis" />
        </traits>
        <failure exception-type="Xunit.Sdk.TrueException">
          <message><![CDATA[Discount Price or Total Price was incorrect!\r\nExpected: True\r\nActual:   False]]></message>
          <stack-trace><![CDATA[   at Cin7Test.StepDefinitions.CreateSalesTestSteps.ThenICanSeeTheRed_PantsSalesRecordsOnTheSalesPage() in c:\Dev\Test\Test.Framework\Cin7Test\StepDefinitions\CreateSalesTestSteps.cs:line 68
   at TechTalk.SpecFlow.Bindings.BindingInvoker.InvokeBinding(IBinding binding, IContextManager contextManager, Object[] arguments, ITestTracer testTracer, TimeSpan& duration)
   at TechTalk.SpecFlow.Infrastructure.TestExecutionEngine.ExecuteStepMatch(BindingMatch match, Object[] arguments)
   at TechTalk.SpecFlow.Infrastructure.TestExecutionEngine.ExecuteStep(StepInstance stepInstance)
   at TechTalk.SpecFlow.Infrastructure.TestExecutionEngine.OnAfterLastStep()
   at Cin7Test.Features.CreateSalesTestFeature.ScenarioCleanup() in c:\Dev\Test\Test.Framework\Cin7Test\Features\CreateSalesTest.feature.cs:line 0
   at Cin7Test.Features.CreateSalesTestFeature.CreateARedPantsSale() in c:\Dev\Test\Test.Framework\Cin7Test\Features\CreateSalesTest.feature:line 21]]></stack-trace>
        </failure>
      </test>
      <test name="Create a Green Pants sale" type="Cin7Test.Features.CreateSalesTestFeature" method="CreateAGreenPantsSale" time="13.5152714" result="Pass">
        <traits>
          <trait name="Description" value="Create a Green Pants sale" />
          <trait name="FeatureTitle" value="CreateSalesTest" />
          <trait name="Category" value="runThis" />
        </traits>
      </test>
    </collection>
  </assembly>
</assemblies>